


ARM Macro Assembler    Page 1 


    1 00000000                 AREA             |.text|,CODE,READONLY,ALIGN=2
    2 00000000                 THUMB
    3 00000000                 PRESERVE8
    4 00000000                 EXTERN           current_ptr_task
    5 00000000                 EXPORT           SysTick_Handler
    6 00000000                 EXPORT           PendSV_Handler
    7 00000000                 IMPORT           SCHEDULAR
    8 00000000         
    9 00000000         SysTick_Handler                      ;save r0,r1,r2,r3,r
                                                            12,lr,pc,psr
   10 00000000 B672            CPSID            I           ;disable any interr
                                                            upts
   11 00000002 E92D 0FF0       PUSH             {R4-R11}
   12 00000006 4811            LDR              R0,=current_ptr_task
   13 00000008 6801            LDR              R1,[R0]
   14 0000000A F8C1 D000       STR              SP,[R1]     ;stack pointer to n
                                                            ext top of  thread
   15 0000000E B501            PUSH             {R0,LR}
   16 00000010 F7FF FFFE       BL               SCHEDULAR
   17 00000014 E8BD 4001       POP              {R0,LR}
   18 00000018 6801            LDR              R1,[R0]     ;R1=CURRENT POINTER
                                                            
   19 0000001A F8D1 D000       LDR              SP,[R1]     ;SP = CURRENTPT ->S
                                                            TACKPT
   20 0000001E E8BD 0FF0       POP              {R4-R11}
   21 00000022 B662            CPSIE            I
   22 00000024 4770            BX               LR          ;RESTORED AUTOMATIC
                                                            ALLY BY PROCESSOR
   23 00000026         
   24 00000026         PendSV_Handler
   25 00000026 B672            CPSID            I           ;disable any interr
                                                            upts
   26 00000028 E92D 0FF0       PUSH             {R4-R11}
   27 0000002C 4807            LDR              R0,=current_ptr_task
   28 0000002E 6802            LDR              R2,[R0]     ;R2 = R2=CURENT PTR
                                                            
   29 00000030 F8D2 D000       LDR              SP,[R2]     ;R2 =CURRENT PTR->S
                                                            TACK TOP
   30 00000034 E8BD 0FF0       POP              {R4-R11}
   31 00000038 BC0F            POP              {R0-R3}
   32 0000003A F85D CB04       POP              {R12}
   33 0000003E B001            ADD              SP,SP,#4
   34 00000040 F85D EB04       POP              {LR}
   35 00000044 B001            ADD              SP,SP,#4
   36 00000046 B662            CPSIE            I
   37 00000048 4770            BX               LR
   38 0000004A 00 00           ALIGN
   39 0000004C                 END
              00000000 
Command Line: --debug --xref --diag_suppress=9931 --cpu=Cortex-M4.fp.sp --apcs=
interwork --depend=.\objects\oskernel_1.d -o.\objects\oskernel_1.o -I.\RTE\_stm
43F4 -IC:\Users\Vibhor\AppData\Local\Arm\Packs\ARM\CMSIS\5.6.0\CMSIS\Core\Inclu
de -IC:\Users\Vibhor\AppData\Local\Arm\Packs\Keil\STM32F4xx_DFP\2.14.0\Drivers\
CMSIS\Device\ST\STM32F4xx\Include --predefine="__EVAL SETA 1" --predefine="__UV
ISION_VERSION SETA 529" --predefine="_RTE_ SETA 1" --predefine="STM32F411xE SET
A 1" --list=.\listings\oskernel.lst osKernel.s



ARM Macro Assembler    Page 1 Alphabetic symbol ordering
Relocatable symbols

.text 00000000

Symbol: .text
   Definitions
      At line 1 in file osKernel.s
   Uses
      None
Comment: .text unused
PendSV_Handler 00000026

Symbol: PendSV_Handler
   Definitions
      At line 24 in file osKernel.s
   Uses
      At line 6 in file osKernel.s
Comment: PendSV_Handler used once
SysTick_Handler 00000000

Symbol: SysTick_Handler
   Definitions
      At line 9 in file osKernel.s
   Uses
      At line 5 in file osKernel.s
Comment: SysTick_Handler used once
3 symbols



ARM Macro Assembler    Page 1 Alphabetic symbol ordering
External symbols

SCHEDULAR 00000000

Symbol: SCHEDULAR
   Definitions
      At line 7 in file osKernel.s
   Uses
      At line 16 in file osKernel.s
Comment: SCHEDULAR used once
current_ptr_task 00000000

Symbol: current_ptr_task
   Definitions
      At line 4 in file osKernel.s
   Uses
      At line 12 in file osKernel.s
      At line 27 in file osKernel.s

2 symbols
342 symbols in table
